# Logfile created on Sat May 30 17:12:58 -0400 2009  [4;36;1mChore Create (0.6ms)[0m   [0;1mINSERT INTO "chores" ("name", "updated_at", "description", "duration", "created_at") VALUES('Vacuuming', '2009-05-30 21:32:03', NULL, NULL, '2009-05-30 21:32:03')[0m
  [4;35;1mChore Create (0.1ms)[0m   [0mINSERT INTO "chores" ("name", "updated_at", "description", "duration", "created_at") VALUES('Dishes', '2009-05-30 21:32:03', NULL, NULL, '2009-05-30 21:32:03')[0m
  [4;36;1mChore Create (0.7ms)[0m   [0;1mINSERT INTO "chores" ("name", "updated_at", "description", "duration", "created_at") VALUES('Vacuuming', '2009-05-30 21:33:14', NULL, NULL, '2009-05-30 21:33:14')[0m
  [4;35;1mChore Create (0.1ms)[0m   [0mINSERT INTO "chores" ("name", "updated_at", "description", "duration", "created_at") VALUES('Dishes', '2009-05-30 21:33:14', NULL, NULL, '2009-05-30 21:33:14')[0m
  [4;36;1mChore Create (0.5ms)[0m   [0;1mINSERT INTO "chores" ("name", "updated_at", "description", "duration", "created_at") VALUES('Vacuuming', '2009-05-30 21:33:56', NULL, NULL, '2009-05-30 21:33:56')[0m
  [4;35;1mChore Create (0.1ms)[0m   [0mINSERT INTO "chores" ("name", "updated_at", "description", "duration", "created_at") VALUES('Dishes', '2009-05-30 21:33:56', NULL, NULL, '2009-05-30 21:33:56')[0m
  [4;36;1mChore Create (0.5ms)[0m   [0;1mINSERT INTO "chores" ("name", "updated_at", "description", "duration", "created_at") VALUES('Vacuuming', '2009-05-30 21:34:17', NULL, NULL, '2009-05-30 21:34:17')[0m
  [4;35;1mChore Create (0.1ms)[0m   [0mINSERT INTO "chores" ("name", "updated_at", "description", "duration", "created_at") VALUES('Dishes', '2009-05-30 21:34:17', NULL, NULL, '2009-05-30 21:34:17')[0m
REQUESTING PAGE: GET /chores with {} and HTTP headers {}


Processing ApplicationController#index (for 127.0.0.1 at 2009-05-30 17:34:17) [GET]
  [4;36;1mChore Create (0.5ms)[0m   [0;1mINSERT INTO "chores" ("name", "updated_at", "description", "duration", "created_at") VALUES('Vacuuming', '2009-05-30 21:34:56', NULL, NULL, '2009-05-30 21:34:56')[0m
  [4;35;1mChore Create (0.1ms)[0m   [0mINSERT INTO "chores" ("name", "updated_at", "description", "duration", "created_at") VALUES('Dishes', '2009-05-30 21:34:56', NULL, NULL, '2009-05-30 21:34:56')[0m
REQUESTING PAGE: GET /chores with {} and HTTP headers {}


Processing ChoresController#index (for 127.0.0.1 at 2009-05-30 17:34:56) [GET]
Rendering chores/index
Completed in 29ms (View: 27, DB: 1) | 200 OK [http://www.example.com/chores]
  [4;36;1mChore Create (0.5ms)[0m   [0;1mINSERT INTO "chores" ("name", "updated_at", "description", "duration", "created_at") VALUES('Vacuuming', '2009-05-30 21:37:06', NULL, NULL, '2009-05-30 21:37:06')[0m
  [4;35;1mChore Create (0.1ms)[0m   [0mINSERT INTO "chores" ("name", "updated_at", "description", "duration", "created_at") VALUES('Dishes', '2009-05-30 21:37:06', NULL, NULL, '2009-05-30 21:37:06')[0m
REQUESTING PAGE: GET /chores with {} and HTTP headers {}


Processing ChoresController#index (for 127.0.0.1 at 2009-05-30 17:37:06) [GET]
  [4;36;1mChore Load (0.4ms)[0m   [0;1mSELECT * FROM "chores" [0m
Rendering chores/index
Completed in 5ms (View: 2, DB: 1) | 200 OK [http://www.example.com/chores]
  [4;36;1mChore Create (0.5ms)[0m   [0;1mINSERT INTO "chores" ("name", "updated_at", "description", "duration", "created_at") VALUES('Vacuuming', '2009-05-30 21:42:08', NULL, NULL, '2009-05-30 21:42:08')[0m
  [4;35;1mChore Create (0.1ms)[0m   [0mINSERT INTO "chores" ("name", "updated_at", "description", "duration", "created_at") VALUES('Dishes', '2009-05-30 21:42:08', NULL, NULL, '2009-05-30 21:42:08')[0m
REQUESTING PAGE: GET /chores with {} and HTTP headers {}


Processing ChoresController#index (for 127.0.0.1 at 2009-05-30 17:42:08) [GET]
  [4;36;1mChore Load (0.4ms)[0m   [0;1mSELECT * FROM "chores" [0m
Rendering chores/index
Completed in 6ms (View: 3, DB: 1) | 200 OK [http://www.example.com/chores]
  [4;36;1mChore Create (0.5ms)[0m   [0;1mINSERT INTO "chores" ("name", "updated_at", "description", "duration", "created_at") VALUES('Vacuuming', '2009-05-30 21:43:55', NULL, NULL, '2009-05-30 21:43:55')[0m
  [4;35;1mChore Create (0.1ms)[0m   [0mINSERT INTO "chores" ("name", "updated_at", "description", "duration", "created_at") VALUES('Dishes', '2009-05-30 21:43:55', NULL, NULL, '2009-05-30 21:43:55')[0m
REQUESTING PAGE: GET /chores with {} and HTTP headers {}


Processing ChoresController#index (for 127.0.0.1 at 2009-05-30 17:43:55) [GET]
  [4;36;1mChore Load (0.4ms)[0m   [0;1mSELECT * FROM "chores" [0m
Rendering chores/index
Completed in 5ms (View: 2, DB: 1) | 200 OK [http://www.example.com/chores]
  [4;35;1mChore Delete all (0.3ms)[0m   [0mDELETE FROM "chores" WHERE 1=1[0m
REQUESTING PAGE: GET /chores with {} and HTTP headers {}


Processing ChoresController#index (for 127.0.0.1 at 2009-05-30 17:43:55) [GET]
  [4;36;1mChore Load (0.1ms)[0m   [0;1mSELECT * FROM "chores" [0m
Rendering chores/index
Completed in 1ms (View: 0, DB: 0) | 200 OK [http://www.example.com/chores]
  [4;36;1mChore Create (0.5ms)[0m   [0;1mINSERT INTO "chores" ("name", "updated_at", "description", "duration", "created_at") VALUES('Vacuuming', '2009-05-30 21:45:36', NULL, NULL, '2009-05-30 21:45:36')[0m
  [4;35;1mChore Create (0.1ms)[0m   [0mINSERT INTO "chores" ("name", "updated_at", "description", "duration", "created_at") VALUES('Dishes', '2009-05-30 21:45:36', NULL, NULL, '2009-05-30 21:45:36')[0m
REQUESTING PAGE: GET /chores with {} and HTTP headers {}


Processing ChoresController#index (for 127.0.0.1 at 2009-05-30 17:45:36) [GET]
  [4;36;1mChore Load (0.4ms)[0m   [0;1mSELECT * FROM "chores" [0m
Rendering chores/index
Completed in 6ms (View: 3, DB: 1) | 200 OK [http://www.example.com/chores]
  [4;35;1mChore Delete all (0.4ms)[0m   [0mDELETE FROM "chores" WHERE 1=1[0m
REQUESTING PAGE: GET /chores with {} and HTTP headers {}


Processing ChoresController#index (for 127.0.0.1 at 2009-05-30 17:45:36) [GET]
  [4;36;1mChore Load (0.1ms)[0m   [0;1mSELECT * FROM "chores" [0m
Rendering chores/index
Completed in 1ms (View: 1, DB: 1) | 200 OK [http://www.example.com/chores]
REQUESTING PAGE: GET /chores with {} and HTTP headers {"HTTP_REFERER"=>"/chores"}


Processing ChoresController#index (for 127.0.0.1 at 2009-05-30 17:45:36) [GET]
  [4;35;1mChore Load (0.1ms)[0m   [0mSELECT * FROM "chores" [0m
Rendering chores/index
Completed in 1ms (View: 1, DB: 0) | 200 OK [http://www.example.com/chores]
  [4;36;1mChore Create (0.5ms)[0m   [0;1mINSERT INTO "chores" ("name", "updated_at", "description", "duration", "created_at") VALUES('Vacuuming', '2009-05-30 21:49:16', NULL, NULL, '2009-05-30 21:49:16')[0m
  [4;35;1mChore Create (0.1ms)[0m   [0mINSERT INTO "chores" ("name", "updated_at", "description", "duration", "created_at") VALUES('Dishes', '2009-05-30 21:49:16', NULL, NULL, '2009-05-30 21:49:16')[0m
REQUESTING PAGE: GET /chores with {} and HTTP headers {}


Processing ChoresController#index (for 127.0.0.1 at 2009-05-30 17:49:16) [GET]
  [4;36;1mChore Load (0.4ms)[0m   [0;1mSELECT * FROM "chores" [0m
Rendering chores/index
Completed in 5ms (View: 2, DB: 1) | 200 OK [http://www.example.com/chores]
  [4;35;1mChore Delete all (0.3ms)[0m   [0mDELETE FROM "chores" WHERE 1=1[0m
REQUESTING PAGE: GET /chores with {} and HTTP headers {}


Processing ChoresController#index (for 127.0.0.1 at 2009-05-30 17:49:16) [GET]
  [4;36;1mChore Load (0.1ms)[0m   [0;1mSELECT * FROM "chores" [0m
Rendering chores/index
Completed in 1ms (View: 0, DB: 0) | 200 OK [http://www.example.com/chores]
REQUESTING PAGE: GET /chores/new with {} and HTTP headers {"HTTP_REFERER"=>"/chores"}


Processing ChoresController#new (for 127.0.0.1 at 2009-05-30 17:49:16) [GET]
Rendering chores/new
Completed in 2ms (View: 2, DB: 0) | 200 OK [http://www.example.com/chores/new]
  [4;36;1mChore Create (0.5ms)[0m   [0;1mINSERT INTO "chores" ("name", "updated_at", "description", "duration", "created_at") VALUES('Vacuuming', '2009-05-30 21:51:22', NULL, NULL, '2009-05-30 21:51:22')[0m
  [4;35;1mChore Create (0.1ms)[0m   [0mINSERT INTO "chores" ("name", "updated_at", "description", "duration", "created_at") VALUES('Dishes', '2009-05-30 21:51:22', NULL, NULL, '2009-05-30 21:51:22')[0m
REQUESTING PAGE: GET /chores with {} and HTTP headers {}


Processing ChoresController#index (for 127.0.0.1 at 2009-05-30 17:51:22) [GET]
  [4;36;1mChore Load (0.9ms)[0m   [0;1mSELECT * FROM "chores" [0m
Rendering chores/index
Completed in 6ms (View: 3, DB: 1) | 200 OK [http://www.example.com/chores]
  [4;35;1mChore Delete all (0.3ms)[0m   [0mDELETE FROM "chores" WHERE 1=1[0m
REQUESTING PAGE: GET /chores with {} and HTTP headers {}


Processing ChoresController#index (for 127.0.0.1 at 2009-05-30 17:51:22) [GET]
  [4;36;1mChore Load (0.1ms)[0m   [0;1mSELECT * FROM "chores" [0m
Rendering chores/index
Completed in 1ms (View: 0, DB: 0) | 200 OK [http://www.example.com/chores]
REQUESTING PAGE: GET /chores/new with {} and HTTP headers {"HTTP_REFERER"=>"/chores"}


Processing ChoresController#new (for 127.0.0.1 at 2009-05-30 17:51:22) [GET]
Rendering chores/new
Completed in 3ms (View: 3, DB: 0) | 200 OK [http://www.example.com/chores/new]
REQUESTING PAGE: POST /chores with {"commit"=>"Create", "chore"=>{"name"=>"Dishes", "description"=>"Empty the dishwasher if it has clean dishes, load it with dirty dishes, and start it.", "duration"=>"15"}} and HTTP headers {"HTTP_REFERER"=>"/chores/new"}


Processing ChoresController#create (for 127.0.0.1 at 2009-05-30 17:51:22) [POST]
  Parameters: {"commit"=>"Create", "chore"=>{"name"=>"Dishes", "description"=>"Empty the dishwasher if it has clean dishes, load it with dirty dishes, and start it.", "duration"=>"15"}}


Processing ApplicationController#create (for 127.0.0.1 at 2009-05-30 17:51:22) [POST]
  Parameters: {"commit"=>"Create", "chore"=>{"name"=>"Dishes", "description"=>"Empty the dishwasher if it has clean dishes, load it with dirty dishes, and start it.", "duration"=>"15"}}
  [4;36;1mChore Create (0.5ms)[0m   [0;1mINSERT INTO "chores" ("name", "updated_at", "description", "duration", "created_at") VALUES('Vacuuming', '2009-05-30 21:55:56', NULL, NULL, '2009-05-30 21:55:56')[0m
  [4;35;1mChore Create (0.1ms)[0m   [0mINSERT INTO "chores" ("name", "updated_at", "description", "duration", "created_at") VALUES('Dishes', '2009-05-30 21:55:56', NULL, NULL, '2009-05-30 21:55:56')[0m
REQUESTING PAGE: GET /chores with {} and HTTP headers {}


Processing ChoresController#index (for 127.0.0.1 at 2009-05-30 17:55:56) [GET]
  [4;36;1mChore Load (0.4ms)[0m   [0;1mSELECT * FROM "chores" [0m
Rendering chores/index
Completed in 5ms (View: 2, DB: 1) | 200 OK [http://www.example.com/chores]
  [4;35;1mChore Delete all (0.3ms)[0m   [0mDELETE FROM "chores" WHERE 1=1[0m
REQUESTING PAGE: GET /chores with {} and HTTP headers {}


Processing ChoresController#index (for 127.0.0.1 at 2009-05-30 17:55:56) [GET]
  [4;36;1mChore Load (0.1ms)[0m   [0;1mSELECT * FROM "chores" [0m
Rendering chores/index
Completed in 1ms (View: 0, DB: 0) | 200 OK [http://www.example.com/chores]
REQUESTING PAGE: GET /chores/new with {} and HTTP headers {"HTTP_REFERER"=>"/chores"}


Processing ChoresController#new (for 127.0.0.1 at 2009-05-30 17:55:56) [GET]
Rendering chores/new
Completed in 3ms (View: 3, DB: 0) | 200 OK [http://www.example.com/chores/new]
REQUESTING PAGE: POST /chores with {"commit"=>"Create", "chore"=>{"name"=>"Dishes", "description"=>"Empty the dishwasher if it has clean dishes, load it with dirty dishes, and start it.", "duration"=>"15"}} and HTTP headers {"HTTP_REFERER"=>"/chores/new"}


Processing ChoresController#create (for 127.0.0.1 at 2009-05-30 17:55:56) [POST]
  Parameters: {"commit"=>"Create", "chore"=>{"name"=>"Dishes", "description"=>"Empty the dishwasher if it has clean dishes, load it with dirty dishes, and start it.", "duration"=>"15"}}
  [4;35;1mChore Create (0.2ms)[0m   [0mINSERT INTO "chores" ("name", "updated_at", "description", "duration", "created_at") VALUES('Dishes', '2009-05-30 21:55:56', 'Empty the dishwasher if it has clean dishes, load it with dirty dishes, and start it.', 15, '2009-05-30 21:55:56')[0m
Redirected to http://www.example.com/chores/1
Completed in 68ms (DB: 0) | 302 Found [http://www.example.com/chores]
REQUESTING PAGE: GET http://www.example.com/chores/1 with {} and HTTP headers {"HTTP_REFERER"=>"/chores"}


Processing ChoresController#show (for 127.0.0.1 at 2009-05-30 17:55:56) [GET]
  Parameters: {"id"=>"1"}


Processing ApplicationController#show (for 127.0.0.1 at 2009-05-30 17:55:56) [GET]
  Parameters: {"id"=>"1"}
  [4;36;1mChore Create (0.5ms)[0m   [0;1mINSERT INTO "chores" ("name", "updated_at", "description", "duration", "created_at") VALUES('Vacuuming', '2009-05-30 21:57:19', NULL, NULL, '2009-05-30 21:57:19')[0m
  [4;35;1mChore Create (0.1ms)[0m   [0mINSERT INTO "chores" ("name", "updated_at", "description", "duration", "created_at") VALUES('Dishes', '2009-05-30 21:57:19', NULL, NULL, '2009-05-30 21:57:19')[0m
REQUESTING PAGE: GET /chores with {} and HTTP headers {}


Processing ChoresController#index (for 127.0.0.1 at 2009-05-30 17:57:19) [GET]
  [4;36;1mChore Load (0.4ms)[0m   [0;1mSELECT * FROM "chores" [0m
Rendering chores/index
Completed in 5ms (View: 2, DB: 1) | 200 OK [http://www.example.com/chores]
  [4;35;1mChore Delete all (0.3ms)[0m   [0mDELETE FROM "chores" WHERE 1=1[0m
REQUESTING PAGE: GET /chores with {} and HTTP headers {}


Processing ChoresController#index (for 127.0.0.1 at 2009-05-30 17:57:19) [GET]
  [4;36;1mChore Load (0.1ms)[0m   [0;1mSELECT * FROM "chores" [0m
Rendering chores/index
Completed in 1ms (View: 0, DB: 0) | 200 OK [http://www.example.com/chores]
REQUESTING PAGE: GET /chores/new with {} and HTTP headers {"HTTP_REFERER"=>"/chores"}


Processing ChoresController#new (for 127.0.0.1 at 2009-05-30 17:57:19) [GET]
Rendering chores/new
Completed in 3ms (View: 3, DB: 0) | 200 OK [http://www.example.com/chores/new]
REQUESTING PAGE: POST /chores with {"commit"=>"Create", "chore"=>{"name"=>"Dishes", "description"=>"Empty the dishwasher if it has clean dishes, load it with dirty dishes, and start it.", "duration"=>"15"}} and HTTP headers {"HTTP_REFERER"=>"/chores/new"}


Processing ChoresController#create (for 127.0.0.1 at 2009-05-30 17:57:19) [POST]
  Parameters: {"commit"=>"Create", "chore"=>{"name"=>"Dishes", "description"=>"Empty the dishwasher if it has clean dishes, load it with dirty dishes, and start it.", "duration"=>"15"}}
  [4;35;1mChore Create (0.3ms)[0m   [0mINSERT INTO "chores" ("name", "updated_at", "description", "duration", "created_at") VALUES('Dishes', '2009-05-30 21:57:19', 'Empty the dishwasher if it has clean dishes, load it with dirty dishes, and start it.', 15, '2009-05-30 21:57:19')[0m
Redirected to http://www.example.com/chores
Completed in 65ms (DB: 0) | 302 Found [http://www.example.com/chores]
REQUESTING PAGE: GET http://www.example.com/chores with {} and HTTP headers {"HTTP_REFERER"=>"/chores"}


Processing ChoresController#index (for 127.0.0.1 at 2009-05-30 17:57:19) [GET]
  [4;36;1mChore Load (0.4ms)[0m   [0;1mSELECT * FROM "chores" [0m
Rendering chores/index
Completed in 1ms (View: 0, DB: 0) | 200 OK [http://www.example.com/chores]
  [4;36;1mChore Create (0.5ms)[0m   [0;1mINSERT INTO "chores" ("name", "updated_at", "description", "duration", "created_at") VALUES('Vacuuming', '2009-05-30 22:02:32', NULL, NULL, '2009-05-30 22:02:32')[0m
  [4;35;1mChore Create (0.1ms)[0m   [0mINSERT INTO "chores" ("name", "updated_at", "description", "duration", "created_at") VALUES('Dishes', '2009-05-30 22:02:32', NULL, NULL, '2009-05-30 22:02:32')[0m
REQUESTING PAGE: GET /chores with {} and HTTP headers {}


Processing ChoresController#index (for 127.0.0.1 at 2009-05-30 18:02:32) [GET]
  [4;36;1mChore Load (0.4ms)[0m   [0;1mSELECT * FROM "chores" [0m
Rendering chores/index
Completed in 65ms (View: 62, DB: 1) | 200 OK [http://www.example.com/chores]
  [4;35;1mChore Delete all (0.3ms)[0m   [0mDELETE FROM "chores" WHERE 1=1[0m
REQUESTING PAGE: GET /chores with {} and HTTP headers {}


Processing ChoresController#index (for 127.0.0.1 at 2009-05-30 18:02:32) [GET]
  [4;36;1mChore Load (0.1ms)[0m   [0;1mSELECT * FROM "chores" [0m
Rendering chores/index
Completed in 1ms (View: 1, DB: 0) | 200 OK [http://www.example.com/chores]
REQUESTING PAGE: GET /chores/new with {} and HTTP headers {"HTTP_REFERER"=>"/chores"}


Processing ChoresController#new (for 127.0.0.1 at 2009-05-30 18:02:32) [GET]
Rendering chores/new
Completed in 3ms (View: 3, DB: 0) | 200 OK [http://www.example.com/chores/new]
REQUESTING PAGE: POST /chores with {"commit"=>"Create", "chore"=>{"name"=>"Dishes", "description"=>"Empty the dishwasher if it has clean dishes, load it with dirty dishes, and start it.", "duration"=>"15"}} and HTTP headers {"HTTP_REFERER"=>"/chores/new"}


Processing ChoresController#create (for 127.0.0.1 at 2009-05-30 18:02:32) [POST]
  Parameters: {"commit"=>"Create", "chore"=>{"name"=>"Dishes", "description"=>"Empty the dishwasher if it has clean dishes, load it with dirty dishes, and start it.", "duration"=>"15"}}
  [4;35;1mChore Create (0.2ms)[0m   [0mINSERT INTO "chores" ("name", "updated_at", "description", "duration", "created_at") VALUES('Dishes', '2009-05-30 22:02:32', 'Empty the dishwasher if it has clean dishes, load it with dirty dishes, and start it.', 15, '2009-05-30 22:02:32')[0m
Redirected to http://www.example.com/chores
Completed in 3ms (DB: 0) | 302 Found [http://www.example.com/chores]
REQUESTING PAGE: GET http://www.example.com/chores with {} and HTTP headers {"HTTP_REFERER"=>"/chores"}


Processing ChoresController#index (for 127.0.0.1 at 2009-05-30 18:02:32) [GET]
  [4;36;1mChore Load (0.3ms)[0m   [0;1mSELECT * FROM "chores" [0m
Rendering chores/index
Completed in 2ms (View: 1, DB: 0) | 200 OK [http://www.example.com/chores]
  [4;36;1mChore Create (0.5ms)[0m   [0;1mINSERT INTO "chores" ("name", "updated_at", "description", "duration", "created_at") VALUES('Vacuuming', '2009-05-30 22:06:27', NULL, NULL, '2009-05-30 22:06:27')[0m
  [4;35;1mChore Create (0.1ms)[0m   [0mINSERT INTO "chores" ("name", "updated_at", "description", "duration", "created_at") VALUES('Dishes', '2009-05-30 22:06:27', NULL, NULL, '2009-05-30 22:06:27')[0m
REQUESTING PAGE: GET /chores with {} and HTTP headers {}


Processing ChoresController#index (for 127.0.0.1 at 2009-05-30 18:06:27) [GET]
  [4;36;1mChore Load (0.4ms)[0m   [0;1mSELECT * FROM "chores" [0m
Rendering chores/index
Completed in 66ms (View: 63, DB: 1) | 200 OK [http://www.example.com/chores]
  [4;35;1mChore Delete all (0.3ms)[0m   [0mDELETE FROM "chores" WHERE 1=1[0m
REQUESTING PAGE: GET /chores with {} and HTTP headers {}


Processing ChoresController#index (for 127.0.0.1 at 2009-05-30 18:06:27) [GET]
  [4;36;1mChore Load (0.1ms)[0m   [0;1mSELECT * FROM "chores" [0m
Rendering chores/index
Completed in 1ms (View: 1, DB: 0) | 200 OK [http://www.example.com/chores]
REQUESTING PAGE: GET /chores/new with {} and HTTP headers {"HTTP_REFERER"=>"/chores"}


Processing ChoresController#new (for 127.0.0.1 at 2009-05-30 18:06:27) [GET]
Rendering chores/new
Completed in 3ms (View: 3, DB: 0) | 200 OK [http://www.example.com/chores/new]
REQUESTING PAGE: POST /chores with {"commit"=>"Create", "chore"=>{"name"=>"Dishes", "description"=>"Empty the dishwasher if it has clean dishes, load it with dirty dishes, and start it.", "duration"=>"15"}} and HTTP headers {"HTTP_REFERER"=>"/chores/new"}


Processing ChoresController#create (for 127.0.0.1 at 2009-05-30 18:06:27) [POST]
  Parameters: {"commit"=>"Create", "chore"=>{"name"=>"Dishes", "description"=>"Empty the dishwasher if it has clean dishes, load it with dirty dishes, and start it.", "duration"=>"15"}}
  [4;35;1mChore Create (0.2ms)[0m   [0mINSERT INTO "chores" ("name", "updated_at", "description", "duration", "created_at") VALUES('Dishes', '2009-05-30 22:06:27', 'Empty the dishwasher if it has clean dishes, load it with dirty dishes, and start it.', 15, '2009-05-30 22:06:27')[0m
Redirected to http://www.example.com/chores
Completed in 3ms (DB: 0) | 302 Found [http://www.example.com/chores]
REQUESTING PAGE: GET http://www.example.com/chores with {} and HTTP headers {"HTTP_REFERER"=>"/chores"}


Processing ChoresController#index (for 127.0.0.1 at 2009-05-30 18:06:27) [GET]
  [4;36;1mChore Load (0.4ms)[0m   [0;1mSELECT * FROM "chores" [0m
Rendering chores/index
Completed in 2ms (View: 1, DB: 0) | 200 OK [http://www.example.com/chores]
  [4;35;1mSQL (0.2ms)[0m   [0mSELECT count(*) AS count_all FROM "chores" [0m
  [4;36;1mChore Create (0.5ms)[0m   [0;1mINSERT INTO "chores" ("name", "updated_at", "description", "duration", "created_at") VALUES('Vacuuming', '2009-05-30 22:20:40', NULL, NULL, '2009-05-30 22:20:40')[0m
  [4;35;1mChore Create (0.1ms)[0m   [0mINSERT INTO "chores" ("name", "updated_at", "description", "duration", "created_at") VALUES('Dishes', '2009-05-30 22:20:40', NULL, NULL, '2009-05-30 22:20:40')[0m
REQUESTING PAGE: GET /chores with {} and HTTP headers {}


Processing ChoresController#index (for 127.0.0.1 at 2009-05-30 18:20:40) [GET]
  [4;36;1mChore Load (0.4ms)[0m   [0;1mSELECT * FROM "chores" [0m
Rendering chores/index
Completed in 69ms (View: 66, DB: 1) | 200 OK [http://www.example.com/chores]
  [4;35;1mChore Delete all (0.3ms)[0m   [0mDELETE FROM "chores" WHERE 1=1[0m
REQUESTING PAGE: GET /chores with {} and HTTP headers {}


Processing ChoresController#index (for 127.0.0.1 at 2009-05-30 18:20:40) [GET]
  [4;36;1mChore Load (0.1ms)[0m   [0;1mSELECT * FROM "chores" [0m
Rendering chores/index
Completed in 1ms (View: 1, DB: 0) | 200 OK [http://www.example.com/chores]
REQUESTING PAGE: GET /chores/new with {} and HTTP headers {"HTTP_REFERER"=>"/chores"}


Processing ChoresController#new (for 127.0.0.1 at 2009-05-30 18:20:40) [GET]
Rendering chores/new
Completed in 3ms (View: 3, DB: 0) | 200 OK [http://www.example.com/chores/new]
REQUESTING PAGE: POST /chores with {"commit"=>"Create", "chore"=>{"name"=>"Dishes", "description"=>"Empty the dishwasher if it has clean dishes, load it with dirty dishes, and start it.", "duration"=>"15"}} and HTTP headers {"HTTP_REFERER"=>"/chores/new"}


Processing ChoresController#create (for 127.0.0.1 at 2009-05-30 18:20:40) [POST]
  Parameters: {"commit"=>"Create", "chore"=>{"name"=>"Dishes", "description"=>"Empty the dishwasher if it has clean dishes, load it with dirty dishes, and start it.", "duration"=>"15"}}
  [4;35;1mChore Create (0.2ms)[0m   [0mINSERT INTO "chores" ("name", "updated_at", "description", "duration", "created_at") VALUES('Dishes', '2009-05-30 22:20:40', 'Empty the dishwasher if it has clean dishes, load it with dirty dishes, and start it.', 15, '2009-05-30 22:20:40')[0m
Redirected to http://www.example.com/chores
Completed in 3ms (DB: 0) | 302 Found [http://www.example.com/chores]
REQUESTING PAGE: GET http://www.example.com/chores with {} and HTTP headers {"HTTP_REFERER"=>"/chores"}


Processing ChoresController#index (for 127.0.0.1 at 2009-05-30 18:20:40) [GET]
  [4;36;1mChore Load (0.3ms)[0m   [0;1mSELECT * FROM "chores" [0m
Rendering chores/index
Completed in 2ms (View: 1, DB: 0) | 200 OK [http://www.example.com/chores]
  [4;35;1mSQL (0.2ms)[0m   [0mSELECT count(*) AS count_all FROM "chores" [0m
  [4;36;1mChore Create (0.7ms)[0m   [0;1mINSERT INTO "chores" ("name", "updated_at", "description", "duration", "created_at") VALUES('Vacuuming', '2009-05-30 22:23:40', NULL, NULL, '2009-05-30 22:23:40')[0m
  [4;35;1mChore Create (0.3ms)[0m   [0mINSERT INTO "chores" ("name", "updated_at", "description", "duration", "created_at") VALUES('Dishes', '2009-05-30 22:23:40', NULL, NULL, '2009-05-30 22:23:40')[0m
REQUESTING PAGE: GET /chores with {} and HTTP headers {}


Processing ChoresController#index (for 127.0.0.1 at 2009-05-30 18:23:40) [GET]
  [4;36;1mChore Load (0.4ms)[0m   [0;1mSELECT * FROM "chores" [0m
Rendering template within layouts/chores
Rendering chores/index
Completed in 88ms (View: 84, DB: 1) | 200 OK [http://www.example.com/chores]
  [4;35;1mChore Delete all (0.3ms)[0m   [0mDELETE FROM "chores" WHERE 1=1[0m
REQUESTING PAGE: GET /chores with {} and HTTP headers {}


Processing ChoresController#index (for 127.0.0.1 at 2009-05-30 18:23:41) [GET]
  [4;36;1mChore Load (0.1ms)[0m   [0;1mSELECT * FROM "chores" [0m
Rendering template within layouts/chores
Rendering chores/index
Completed in 2ms (View: 1, DB: 0) | 200 OK [http://www.example.com/chores]
REQUESTING PAGE: GET /chores/new with {} and HTTP headers {"HTTP_REFERER"=>"/chores"}


Processing ChoresController#new (for 127.0.0.1 at 2009-05-30 18:23:41) [GET]
Rendering template within layouts/chores
Rendering chores/new
Completed in 5ms (View: 4, DB: 0) | 200 OK [http://www.example.com/chores/new]
REQUESTING PAGE: POST /chores with {"commit"=>"Create", "chore"=>{"name"=>"Dishes", "description"=>"Empty the dishwasher if it has clean dishes, load it with dirty dishes, and start it.", "duration"=>"15"}} and HTTP headers {"HTTP_REFERER"=>"/chores/new"}


Processing ChoresController#create (for 127.0.0.1 at 2009-05-30 18:23:41) [POST]
  Parameters: {"commit"=>"Create", "chore"=>{"name"=>"Dishes", "description"=>"Empty the dishwasher if it has clean dishes, load it with dirty dishes, and start it.", "duration"=>"15"}}
  [4;35;1mChore Create (0.2ms)[0m   [0mINSERT INTO "chores" ("name", "updated_at", "description", "duration", "created_at") VALUES('Dishes', '2009-05-30 22:23:41', 'Empty the dishwasher if it has clean dishes, load it with dirty dishes, and start it.', 15, '2009-05-30 22:23:41')[0m
Redirected to http://www.example.com/chores/1
Completed in 3ms (DB: 0) | 302 Found [http://www.example.com/chores]
REQUESTING PAGE: GET http://www.example.com/chores/1 with {} and HTTP headers {"HTTP_REFERER"=>"/chores"}


Processing ChoresController#show (for 127.0.0.1 at 2009-05-30 18:23:41) [GET]
  Parameters: {"id"=>"1"}
  [4;36;1mChore Load (0.4ms)[0m   [0;1mSELECT * FROM "chores" WHERE ("chores"."id" = 1) [0m
Rendering template within layouts/chores
Rendering chores/show
Completed in 4ms (View: 2, DB: 0) | 200 OK [http://www.example.com/chores/1]
  [4;35;1mSQL (0.2ms)[0m   [0mSELECT count(*) AS count_all FROM "chores" [0m
  [4;36;1mChore Delete all (0.5ms)[0m   [0;1mDELETE FROM "chores" WHERE 1=1[0m
REQUESTING PAGE: GET /chores with {} and HTTP headers {}


Processing ChoresController#index (for 127.0.0.1 at 2009-05-30 18:58:19) [GET]
  [4;35;1mChore Load (0.2ms)[0m   [0mSELECT * FROM "chores" [0m
Rendering template within layouts/chores
Rendering chores/index
Completed in 90ms (View: 86, DB: 1) | 200 OK [http://www.example.com/chores]
REQUESTING PAGE: GET /chores/new with {} and HTTP headers {"HTTP_REFERER"=>"/chores"}


Processing ChoresController#new (for 127.0.0.1 at 2009-05-30 18:58:19) [GET]
Rendering template within layouts/chores
Rendering chores/new
Completed in 4ms (View: 4, DB: 0) | 200 OK [http://www.example.com/chores/new]
REQUESTING PAGE: POST /chores with {"commit"=>"Create", "chore"=>{"name"=>"Dishes", "description"=>"Empty the dishwasher if it has clean dishes, load it with dirty dishes, and start it.", "duration"=>"15"}} and HTTP headers {"HTTP_REFERER"=>"/chores/new"}


Processing ChoresController#create (for 127.0.0.1 at 2009-05-30 18:58:19) [POST]
  Parameters: {"commit"=>"Create", "chore"=>{"name"=>"Dishes", "description"=>"Empty the dishwasher if it has clean dishes, load it with dirty dishes, and start it.", "duration"=>"15"}}
  [4;36;1mChore Create (0.3ms)[0m   [0;1mINSERT INTO "chores" ("name", "updated_at", "description", "duration", "created_at") VALUES('Dishes', '2009-05-30 22:58:19', 'Empty the dishwasher if it has clean dishes, load it with dirty dishes, and start it.', 15, '2009-05-30 22:58:19')[0m
Redirected to http://www.example.com/chores/1
Completed in 15ms (DB: 0) | 302 Found [http://www.example.com/chores]
REQUESTING PAGE: GET http://www.example.com/chores/1 with {} and HTTP headers {"HTTP_REFERER"=>"/chores"}


Processing ChoresController#show (for 127.0.0.1 at 2009-05-30 18:58:19) [GET]
  Parameters: {"id"=>"1"}
  [4;35;1mChore Load (0.3ms)[0m   [0mSELECT * FROM "chores" WHERE ("chores"."id" = 1) [0m
Rendering template within layouts/chores
Rendering chores/show
Completed in 3ms (View: 2, DB: 0) | 200 OK [http://www.example.com/chores/1]
  [4;36;1mSQL (0.2ms)[0m   [0;1mSELECT count(*) AS count_all FROM "chores" [0m
  [4;36;1mChore Create (0.5ms)[0m   [0;1mINSERT INTO "chores" ("name", "updated_at", "description", "duration", "created_at") VALUES('Vacuuming', '2009-05-30 23:01:05', 'This is a chore description, although it is extremely short.', 15, '2009-05-30 23:01:05')[0m
  [4;35;1mChore Create (0.1ms)[0m   [0mINSERT INTO "chores" ("name", "updated_at", "description", "duration", "created_at") VALUES('Dishes', '2009-05-30 23:01:05', 'This is a chore description, although it is extremely short.', 15, '2009-05-30 23:01:05')[0m
REQUESTING PAGE: GET /chores with {} and HTTP headers {}


Processing ChoresController#index (for 127.0.0.1 at 2009-05-30 19:01:05) [GET]
  [4;36;1mChore Load (0.4ms)[0m   [0;1mSELECT * FROM "chores" [0m
Rendering template within layouts/chores
Rendering chores/index
Completed in 72ms (View: 69, DB: 1) | 200 OK [http://www.example.com/chores]
  [4;35;1mChore Delete all (0.3ms)[0m   [0mDELETE FROM "chores" WHERE 1=1[0m
REQUESTING PAGE: GET /chores with {} and HTTP headers {}


Processing ChoresController#index (for 127.0.0.1 at 2009-05-30 19:01:05) [GET]
  [4;36;1mChore Load (0.1ms)[0m   [0;1mSELECT * FROM "chores" [0m
Rendering template within layouts/chores
Rendering chores/index
Completed in 2ms (View: 1, DB: 0) | 200 OK [http://www.example.com/chores]
REQUESTING PAGE: GET /chores/new with {} and HTTP headers {"HTTP_REFERER"=>"/chores"}


Processing ChoresController#new (for 127.0.0.1 at 2009-05-30 19:01:05) [GET]
Rendering template within layouts/chores
Rendering chores/new
Completed in 4ms (View: 3, DB: 0) | 200 OK [http://www.example.com/chores/new]
REQUESTING PAGE: POST /chores with {"commit"=>"Create", "chore"=>{"name"=>"Dishes", "description"=>"Empty the dishwasher if it has clean dishes, load it with dirty dishes, and start it.", "duration"=>"15"}} and HTTP headers {"HTTP_REFERER"=>"/chores/new"}


Processing ChoresController#create (for 127.0.0.1 at 2009-05-30 19:01:05) [POST]
  Parameters: {"commit"=>"Create", "chore"=>{"name"=>"Dishes", "description"=>"Empty the dishwasher if it has clean dishes, load it with dirty dishes, and start it.", "duration"=>"15"}}
  [4;35;1mChore Create (0.3ms)[0m   [0mINSERT INTO "chores" ("name", "updated_at", "description", "duration", "created_at") VALUES('Dishes', '2009-05-30 23:01:05', 'Empty the dishwasher if it has clean dishes, load it with dirty dishes, and start it.', 15, '2009-05-30 23:01:05')[0m
Redirected to http://www.example.com/chores/1
Completed in 4ms (DB: 0) | 302 Found [http://www.example.com/chores]
REQUESTING PAGE: GET http://www.example.com/chores/1 with {} and HTTP headers {"HTTP_REFERER"=>"/chores"}


Processing ChoresController#show (for 127.0.0.1 at 2009-05-30 19:01:05) [GET]
  Parameters: {"id"=>"1"}
  [4;36;1mChore Load (0.3ms)[0m   [0;1mSELECT * FROM "chores" WHERE ("chores"."id" = 1) [0m
Rendering template within layouts/chores
Rendering chores/show
Completed in 3ms (View: 2, DB: 0) | 200 OK [http://www.example.com/chores/1]
  [4;35;1mSQL (0.2ms)[0m   [0mSELECT count(*) AS count_all FROM "chores" [0m
