  [4;36;1mSQL (0.3ms)[0m   [0;1m SELECT name
 FROM sqlite_master
 WHERE type = 'table' AND NOT name = 'sqlite_sequence'
[0m
  [4;35;1mSQL (0.1ms)[0m   [0mselect sqlite_version(*)[0m
  [4;36;1mSQL (3.5ms)[0m   [0;1mCREATE TABLE "schema_migrations" ("version" varchar(255) NOT NULL) [0m
  [4;35;1mSQL (2.1ms)[0m   [0mCREATE UNIQUE INDEX "unique_schema_migrations" ON "schema_migrations" ("version")[0m
  [4;36;1mSQL (0.2ms)[0m   [0;1m SELECT name
 FROM sqlite_master
 WHERE type = 'table' AND NOT name = 'sqlite_sequence'
[0m
  [4;35;1mSQL (0.1ms)[0m   [0mSELECT version FROM schema_migrations[0m
Migrating to CreateChores (20090530213126)
  [4;36;1mSQL (0.6ms)[0m   [0;1mCREATE TABLE "chores" ("id" INTEGER PRIMARY KEY AUTOINCREMENT NOT NULL, "name" varchar(255), "duration" integer, "description" text, "created_at" datetime, "updated_at" datetime) [0m
  [4;35;1mSQL (0.2ms)[0m   [0mINSERT INTO schema_migrations (version) VALUES ('20090530213126')[0m
  [4;36;1mSQL (0.3ms)[0m   [0;1m SELECT name
 FROM sqlite_master
 WHERE type = 'table' AND NOT name = 'sqlite_sequence'
[0m
  [4;35;1mSQL (0.1ms)[0m   [0mSELECT version FROM schema_migrations[0m
  [4;36;1mSQL (0.2ms)[0m   [0;1m SELECT name
 FROM sqlite_master
 WHERE type = 'table' AND NOT name = 'sqlite_sequence'
[0m
  [4;35;1mSQL (0.0ms)[0m   [0mPRAGMA index_list("chores")[0m
  [4;36;1mSQL (0.2ms)[0m   [0;1mselect sqlite_version(*)[0m
  [4;35;1mSQL (0.4ms)[0m   [0m SELECT name
 FROM sqlite_master
 WHERE type = 'table' AND NOT name = 'sqlite_sequence'
[0m
  [4;36;1mSQL (0.1ms)[0m   [0;1mSELECT version FROM schema_migrations[0m
  [4;35;1mSQL (0.2ms)[0m   [0m SELECT name
 FROM sqlite_master
 WHERE type = 'table' AND NOT name = 'sqlite_sequence'
[0m
  [4;36;1mSQL (0.0ms)[0m   [0;1mPRAGMA index_list("chores")[0m
  [4;35;1mSQL (0.2ms)[0m   [0mselect sqlite_version(*)[0m
  [4;36;1mSQL (0.3ms)[0m   [0;1m SELECT name
 FROM sqlite_master
 WHERE type = 'table' AND NOT name = 'sqlite_sequence'
[0m
  [4;35;1mSQL (2.4ms)[0m   [0mCREATE TABLE "chores" ("id" INTEGER PRIMARY KEY AUTOINCREMENT NOT NULL, "name" varchar(255), "duration" integer, "description" text, "created_at" datetime, "updated_at" datetime) [0m
  [4;36;1mSQL (0.2ms)[0m   [0;1m SELECT name
 FROM sqlite_master
 WHERE type = 'table' AND NOT name = 'sqlite_sequence'
[0m
  [4;35;1mSQL (2.9ms)[0m   [0mCREATE TABLE "schema_migrations" ("version" varchar(255) NOT NULL) [0m
  [4;36;1mSQL (2.3ms)[0m   [0;1mCREATE UNIQUE INDEX "unique_schema_migrations" ON "schema_migrations" ("version")[0m
  [4;35;1mSQL (0.2ms)[0m   [0m SELECT name
 FROM sqlite_master
 WHERE type = 'table' AND NOT name = 'sqlite_sequence'
[0m
  [4;36;1mSQL (0.1ms)[0m   [0;1mSELECT version FROM "schema_migrations"[0m
  [4;35;1mSQL (2.0ms)[0m   [0mINSERT INTO "schema_migrations" (version) VALUES ('20090530213126')[0m


Processing ChoresController#index (for 127.0.0.1 at 2009-05-30 18:07:35) [GET]
  [4;36;1mChore Load (0.5ms)[0m   [0;1mSELECT * FROM "chores" [0m
Rendering chores/index
Completed in 74ms (View: 69, DB: 0) | 200 OK [http://choreminder.local/chores]


Processing ChoresController#new (for 127.0.0.1 at 2009-05-30 18:07:37) [GET]
Rendering chores/new
Completed in 14ms (View: 9, DB: 0) | 200 OK [http://choreminder.local/chores/new]


Processing ChoresController#create (for 127.0.0.1 at 2009-05-30 18:07:45) [POST]
  Parameters: {"commit"=>"Create", "authenticity_token"=>"HLogfb02M1UmN7rUCcJ3QCHKlScqlAyrtONB06BlR5k=", "chore"=>{"name"=>"test", "description"=>"COola", "duration"=>"13"}}
  [4;35;1mChore Create (0.6ms)[0m   [0mINSERT INTO "chores" ("name", "updated_at", "description", "duration", "created_at") VALUES('test', '2009-05-30 22:07:45', 'COola', 13, '2009-05-30 22:07:45')[0m
Redirected to http://choreminder.local/chores
Completed in 24ms (DB: 1) | 302 Found [http://choreminder.local/chores]


Processing ChoresController#index (for 127.0.0.1 at 2009-05-30 18:07:45) [GET]
  [4;36;1mChore Load (0.5ms)[0m   [0;1mSELECT * FROM "chores" [0m
Rendering chores/index
Completed in 7ms (View: 3, DB: 1) | 200 OK [http://choreminder.local/chores]


Processing ChoresController#index (for 127.0.0.1 at 2009-05-30 18:07:47) [GET]
  [4;35;1mChore Load (0.5ms)[0m   [0mSELECT * FROM "chores" [0m
Rendering chores/index
Completed in 8ms (View: 3, DB: 1) | 200 OK [http://choreminder.local/chores]


Processing ChoresController#index (for 127.0.0.1 at 2009-05-30 18:07:48) [GET]
  [4;36;1mChore Load (0.5ms)[0m   [0;1mSELECT * FROM "chores" [0m
Rendering chores/index
Completed in 8ms (View: 3, DB: 1) | 200 OK [http://choreminder.local/chores]
  [4;36;1mSQL (0.5ms)[0m   [0;1m SELECT name
 FROM sqlite_master
 WHERE type = 'table' AND NOT name = 'sqlite_sequence'
[0m
  [4;35;1mSQL (0.1ms)[0m   [0mSELECT version FROM schema_migrations[0m
Migrating to CreateChores (20090530213126)
Migrating to CreatePeoples (20090530221538)
  [4;36;1mSQL (0.1ms)[0m   [0;1mselect sqlite_version(*)[0m
  [4;35;1mSQL (0.6ms)[0m   [0mCREATE TABLE "peoples" ("id" INTEGER PRIMARY KEY AUTOINCREMENT NOT NULL, "first_name" varchar(255), "last_name" varchar(255), "email" varchar(255), "created_at" datetime, "updated_at" datetime) [0m
  [4;36;1mSQL (0.1ms)[0m   [0;1mINSERT INTO schema_migrations (version) VALUES ('20090530221538')[0m
  [4;35;1mSQL (0.3ms)[0m   [0m SELECT name
 FROM sqlite_master
 WHERE type = 'table' AND NOT name = 'sqlite_sequence'
[0m
  [4;36;1mSQL (0.2ms)[0m   [0;1mSELECT version FROM schema_migrations[0m
  [4;35;1mSQL (0.2ms)[0m   [0m SELECT name
 FROM sqlite_master
 WHERE type = 'table' AND NOT name = 'sqlite_sequence'
[0m
  [4;36;1mSQL (0.1ms)[0m   [0;1mPRAGMA index_list("chores")[0m
  [4;35;1mSQL (0.0ms)[0m   [0mPRAGMA index_list("peoples")[0m
  [4;36;1mSQL (0.2ms)[0m   [0;1mselect sqlite_version(*)[0m
  [4;35;1mSQL (0.6ms)[0m   [0m SELECT name
 FROM sqlite_master
 WHERE type = 'table' AND NOT name = 'sqlite_sequence'
[0m
  [4;36;1mSQL (0.2ms)[0m   [0;1mSELECT version FROM schema_migrations[0m
  [4;35;1mSQL (0.2ms)[0m   [0m SELECT name
 FROM sqlite_master
 WHERE type = 'table' AND NOT name = 'sqlite_sequence'
[0m
  [4;36;1mSQL (0.0ms)[0m   [0;1mPRAGMA index_list("chores")[0m
  [4;35;1mSQL (0.0ms)[0m   [0mPRAGMA index_list("peoples")[0m
  [4;36;1mSQL (0.2ms)[0m   [0;1mselect sqlite_version(*)[0m
  [4;35;1mSQL (0.3ms)[0m   [0m SELECT name
 FROM sqlite_master
 WHERE type = 'table' AND NOT name = 'sqlite_sequence'
[0m
  [4;36;1mSQL (2.5ms)[0m   [0;1mCREATE TABLE "chores" ("id" INTEGER PRIMARY KEY AUTOINCREMENT NOT NULL, "name" varchar(255), "duration" integer, "description" text, "created_at" datetime, "updated_at" datetime) [0m
  [4;35;1mSQL (0.3ms)[0m   [0m SELECT name
 FROM sqlite_master
 WHERE type = 'table' AND NOT name = 'sqlite_sequence'
[0m
  [4;36;1mSQL (2.8ms)[0m   [0;1mCREATE TABLE "peoples" ("id" INTEGER PRIMARY KEY AUTOINCREMENT NOT NULL, "first_name" varchar(255), "last_name" varchar(255), "email" varchar(255), "created_at" datetime, "updated_at" datetime) [0m
  [4;35;1mSQL (0.3ms)[0m   [0m SELECT name
 FROM sqlite_master
 WHERE type = 'table' AND NOT name = 'sqlite_sequence'
[0m
  [4;36;1mSQL (2.2ms)[0m   [0;1mCREATE TABLE "schema_migrations" ("version" varchar(255) NOT NULL) [0m
  [4;35;1mSQL (2.3ms)[0m   [0mCREATE UNIQUE INDEX "unique_schema_migrations" ON "schema_migrations" ("version")[0m
  [4;36;1mSQL (0.3ms)[0m   [0;1m SELECT name
 FROM sqlite_master
 WHERE type = 'table' AND NOT name = 'sqlite_sequence'
[0m
  [4;35;1mSQL (0.1ms)[0m   [0mSELECT version FROM "schema_migrations"[0m
  [4;36;1mSQL (2.0ms)[0m   [0;1mINSERT INTO "schema_migrations" (version) VALUES ('20090530221538')[0m
  [4;35;1mSQL (2.0ms)[0m   [0mINSERT INTO "schema_migrations" (version) VALUES ('20090530213126')[0m
  [4;36;1mSQL (0.5ms)[0m   [0;1m SELECT name
 FROM sqlite_master
 WHERE type = 'table' AND NOT name = 'sqlite_sequence'
[0m
  [4;35;1mSQL (0.2ms)[0m   [0mSELECT version FROM schema_migrations[0m
  [4;36;1mSQL (0.1ms)[0m   [0;1mselect sqlite_version(*)[0m
  [4;35;1mSQL (0.2ms)[0m   [0m SELECT name
 FROM sqlite_master
 WHERE type = 'table' AND NOT name = 'sqlite_sequence'
[0m
  [4;36;1mSQL (2.9ms)[0m   [0;1mCREATE TABLE "chores" ("id" INTEGER PRIMARY KEY AUTOINCREMENT NOT NULL, "name" varchar(255), "duration" integer, "description" text, "created_at" datetime, "updated_at" datetime) [0m
  [4;35;1mSQL (0.2ms)[0m   [0m SELECT name
 FROM sqlite_master
 WHERE type = 'table' AND NOT name = 'sqlite_sequence'
[0m
  [4;36;1mSQL (2.3ms)[0m   [0;1mCREATE TABLE "peoples" ("id" INTEGER PRIMARY KEY AUTOINCREMENT NOT NULL, "first_name" varchar(255), "last_name" varchar(255), "email" varchar(255), "created_at" datetime, "updated_at" datetime) [0m
  [4;35;1mSQL (0.2ms)[0m   [0m SELECT name
 FROM sqlite_master
 WHERE type = 'table' AND NOT name = 'sqlite_sequence'
[0m
  [4;36;1mSQL (2.3ms)[0m   [0;1mCREATE TABLE "schema_migrations" ("version" varchar(255) NOT NULL) [0m
  [4;35;1mSQL (2.1ms)[0m   [0mCREATE UNIQUE INDEX "unique_schema_migrations" ON "schema_migrations" ("version")[0m
  [4;36;1mSQL (0.2ms)[0m   [0;1m SELECT name
 FROM sqlite_master
 WHERE type = 'table' AND NOT name = 'sqlite_sequence'
[0m
  [4;35;1mSQL (0.1ms)[0m   [0mSELECT version FROM "schema_migrations"[0m
  [4;36;1mSQL (1.9ms)[0m   [0;1mINSERT INTO "schema_migrations" (version) VALUES ('20090530221538')[0m
  [4;35;1mSQL (2.0ms)[0m   [0mINSERT INTO "schema_migrations" (version) VALUES ('20090530213126')[0m


Processing ApplicationController#index (for 127.0.0.1 at 2009-05-30 18:17:27) [GET]

ActionController::RoutingError (No route matches "/people" with {:method=>:get}):
  passenger (2.1.3) lib/phusion_passenger/rack/request_handler.rb:65:in `process_request'
  passenger (2.1.3) lib/phusion_passenger/abstract_request_handler.rb:197:in `main_loop'
  passenger (2.1.3) lib/phusion_passenger/railz/application_spawner.rb:340:in `start_request_handler'
  passenger (2.1.3) lib/phusion_passenger/railz/application_spawner.rb:298:in `handle_spawn_application'
  passenger (2.1.3) lib/phusion_passenger/utils.rb:176:in `safe_fork'
  passenger (2.1.3) lib/phusion_passenger/railz/application_spawner.rb:296:in `handle_spawn_application'
  passenger (2.1.3) lib/phusion_passenger/abstract_server.rb:332:in `__send__'
  passenger (2.1.3) lib/phusion_passenger/abstract_server.rb:332:in `main_loop'
  passenger (2.1.3) lib/phusion_passenger/abstract_server.rb:182:in `start_synchronously'
  passenger (2.1.3) lib/phusion_passenger/abstract_server.rb:149:in `start'
  passenger (2.1.3) lib/phusion_passenger/railz/application_spawner.rb:192:in `start'
  passenger (2.1.3) lib/phusion_passenger/spawn_manager.rb:260:in `spawn_rails_application'
  passenger (2.1.3) lib/phusion_passenger/abstract_server_collection.rb:121:in `lookup_or_add'
  passenger (2.1.3) lib/phusion_passenger/spawn_manager.rb:254:in `spawn_rails_application'
  passenger (2.1.3) lib/phusion_passenger/abstract_server_collection.rb:75:in `synchronize'
  passenger (2.1.3) lib/phusion_passenger/abstract_server_collection.rb:74:in `synchronize'
  passenger (2.1.3) lib/phusion_passenger/spawn_manager.rb:253:in `spawn_rails_application'
  passenger (2.1.3) lib/phusion_passenger/spawn_manager.rb:148:in `spawn_application'
  passenger (2.1.3) lib/phusion_passenger/spawn_manager.rb:285:in `handle_spawn_application'
  passenger (2.1.3) lib/phusion_passenger/abstract_server.rb:332:in `__send__'
  passenger (2.1.3) lib/phusion_passenger/abstract_server.rb:332:in `main_loop'
  passenger (2.1.3) lib/phusion_passenger/abstract_server.rb:182:in `start_synchronously'

Rendering rescues/layout (not_found)


Processing ApplicationController#index (for 127.0.0.1 at 2009-05-30 18:17:30) [GET]

ActionController::RoutingError (No route matches "/persons" with {:method=>:get}):
  passenger (2.1.3) lib/phusion_passenger/rack/request_handler.rb:65:in `process_request'
  passenger (2.1.3) lib/phusion_passenger/abstract_request_handler.rb:197:in `main_loop'
  passenger (2.1.3) lib/phusion_passenger/railz/application_spawner.rb:340:in `start_request_handler'
  passenger (2.1.3) lib/phusion_passenger/railz/application_spawner.rb:298:in `handle_spawn_application'
  passenger (2.1.3) lib/phusion_passenger/utils.rb:176:in `safe_fork'
  passenger (2.1.3) lib/phusion_passenger/railz/application_spawner.rb:296:in `handle_spawn_application'
  passenger (2.1.3) lib/phusion_passenger/abstract_server.rb:332:in `__send__'
  passenger (2.1.3) lib/phusion_passenger/abstract_server.rb:332:in `main_loop'
  passenger (2.1.3) lib/phusion_passenger/abstract_server.rb:182:in `start_synchronously'
  passenger (2.1.3) lib/phusion_passenger/abstract_server.rb:149:in `start'
  passenger (2.1.3) lib/phusion_passenger/railz/application_spawner.rb:192:in `start'
  passenger (2.1.3) lib/phusion_passenger/spawn_manager.rb:260:in `spawn_rails_application'
  passenger (2.1.3) lib/phusion_passenger/abstract_server_collection.rb:121:in `lookup_or_add'
  passenger (2.1.3) lib/phusion_passenger/spawn_manager.rb:254:in `spawn_rails_application'
  passenger (2.1.3) lib/phusion_passenger/abstract_server_collection.rb:75:in `synchronize'
  passenger (2.1.3) lib/phusion_passenger/abstract_server_collection.rb:74:in `synchronize'
  passenger (2.1.3) lib/phusion_passenger/spawn_manager.rb:253:in `spawn_rails_application'
  passenger (2.1.3) lib/phusion_passenger/spawn_manager.rb:148:in `spawn_application'
  passenger (2.1.3) lib/phusion_passenger/spawn_manager.rb:285:in `handle_spawn_application'
  passenger (2.1.3) lib/phusion_passenger/abstract_server.rb:332:in `__send__'
  passenger (2.1.3) lib/phusion_passenger/abstract_server.rb:332:in `main_loop'
  passenger (2.1.3) lib/phusion_passenger/abstract_server.rb:182:in `start_synchronously'

Rendering rescues/layout (not_found)


Processing ApplicationController#index (for 127.0.0.1 at 2009-05-30 18:17:33) [GET]

ActionController::RoutingError (No route matches "/person" with {:method=>:get}):
  passenger (2.1.3) lib/phusion_passenger/rack/request_handler.rb:65:in `process_request'
  passenger (2.1.3) lib/phusion_passenger/abstract_request_handler.rb:197:in `main_loop'
  passenger (2.1.3) lib/phusion_passenger/railz/application_spawner.rb:340:in `start_request_handler'
  passenger (2.1.3) lib/phusion_passenger/railz/application_spawner.rb:298:in `handle_spawn_application'
  passenger (2.1.3) lib/phusion_passenger/utils.rb:176:in `safe_fork'
  passenger (2.1.3) lib/phusion_passenger/railz/application_spawner.rb:296:in `handle_spawn_application'
  passenger (2.1.3) lib/phusion_passenger/abstract_server.rb:332:in `__send__'
  passenger (2.1.3) lib/phusion_passenger/abstract_server.rb:332:in `main_loop'
  passenger (2.1.3) lib/phusion_passenger/abstract_server.rb:182:in `start_synchronously'
  passenger (2.1.3) lib/phusion_passenger/abstract_server.rb:149:in `start'
  passenger (2.1.3) lib/phusion_passenger/railz/application_spawner.rb:192:in `start'
  passenger (2.1.3) lib/phusion_passenger/spawn_manager.rb:260:in `spawn_rails_application'
  passenger (2.1.3) lib/phusion_passenger/abstract_server_collection.rb:121:in `lookup_or_add'
  passenger (2.1.3) lib/phusion_passenger/spawn_manager.rb:254:in `spawn_rails_application'
  passenger (2.1.3) lib/phusion_passenger/abstract_server_collection.rb:75:in `synchronize'
  passenger (2.1.3) lib/phusion_passenger/abstract_server_collection.rb:74:in `synchronize'
  passenger (2.1.3) lib/phusion_passenger/spawn_manager.rb:253:in `spawn_rails_application'
  passenger (2.1.3) lib/phusion_passenger/spawn_manager.rb:148:in `spawn_application'
  passenger (2.1.3) lib/phusion_passenger/spawn_manager.rb:285:in `handle_spawn_application'
  passenger (2.1.3) lib/phusion_passenger/abstract_server.rb:332:in `__send__'
  passenger (2.1.3) lib/phusion_passenger/abstract_server.rb:332:in `main_loop'
  passenger (2.1.3) lib/phusion_passenger/abstract_server.rb:182:in `start_synchronously'

Rendering rescues/layout (not_found)


Processing ApplicationController#index (for 127.0.0.1 at 2009-05-30 18:17:41) [GET]

ActionController::RoutingError (No route matches "/people" with {:method=>:get}):
  passenger (2.1.3) lib/phusion_passenger/rack/request_handler.rb:65:in `process_request'
  passenger (2.1.3) lib/phusion_passenger/abstract_request_handler.rb:197:in `main_loop'
  passenger (2.1.3) lib/phusion_passenger/railz/application_spawner.rb:340:in `start_request_handler'
  passenger (2.1.3) lib/phusion_passenger/railz/application_spawner.rb:298:in `handle_spawn_application'
  passenger (2.1.3) lib/phusion_passenger/utils.rb:176:in `safe_fork'
  passenger (2.1.3) lib/phusion_passenger/railz/application_spawner.rb:296:in `handle_spawn_application'
  passenger (2.1.3) lib/phusion_passenger/abstract_server.rb:332:in `__send__'
  passenger (2.1.3) lib/phusion_passenger/abstract_server.rb:332:in `main_loop'
  passenger (2.1.3) lib/phusion_passenger/abstract_server.rb:182:in `start_synchronously'
  passenger (2.1.3) lib/phusion_passenger/abstract_server.rb:149:in `start'
  passenger (2.1.3) lib/phusion_passenger/railz/application_spawner.rb:192:in `start'
  passenger (2.1.3) lib/phusion_passenger/spawn_manager.rb:260:in `spawn_rails_application'
  passenger (2.1.3) lib/phusion_passenger/abstract_server_collection.rb:121:in `lookup_or_add'
  passenger (2.1.3) lib/phusion_passenger/spawn_manager.rb:254:in `spawn_rails_application'
  passenger (2.1.3) lib/phusion_passenger/abstract_server_collection.rb:75:in `synchronize'
  passenger (2.1.3) lib/phusion_passenger/abstract_server_collection.rb:74:in `synchronize'
  passenger (2.1.3) lib/phusion_passenger/spawn_manager.rb:253:in `spawn_rails_application'
  passenger (2.1.3) lib/phusion_passenger/spawn_manager.rb:148:in `spawn_application'
  passenger (2.1.3) lib/phusion_passenger/spawn_manager.rb:285:in `handle_spawn_application'
  passenger (2.1.3) lib/phusion_passenger/abstract_server.rb:332:in `__send__'
  passenger (2.1.3) lib/phusion_passenger/abstract_server.rb:332:in `main_loop'
  passenger (2.1.3) lib/phusion_passenger/abstract_server.rb:182:in `start_synchronously'

Rendering rescues/layout (not_found)


Processing PeoplesController#index (for 127.0.0.1 at 2009-05-30 18:17:44) [GET]
  [4;36;1mPeople Load (0.5ms)[0m   [0;1mSELECT * FROM "peoples" [0m
Rendering template within layouts/peoples
Rendering peoples/index
Completed in 22ms (View: 16, DB: 1) | 200 OK [http://choreminder.local/peoples]


Processing PeopleController#index (for 127.0.0.1 at 2009-05-30 18:18:35) [GET]
  [4;35;1mPerson Load (0.0ms)[0m   [0mSQLite3::SQLException: no such table: people: SELECT * FROM "people" [0m

ActiveRecord::StatementInvalid (SQLite3::SQLException: no such table: people: SELECT * FROM "people" ):
  app/controllers/people_controller.rb:5:in `index'
  passenger (2.1.3) lib/phusion_passenger/rack/request_handler.rb:65:in `process_request'
  passenger (2.1.3) lib/phusion_passenger/abstract_request_handler.rb:197:in `main_loop'
  passenger (2.1.3) lib/phusion_passenger/railz/application_spawner.rb:340:in `start_request_handler'
  passenger (2.1.3) lib/phusion_passenger/railz/application_spawner.rb:298:in `handle_spawn_application'
  passenger (2.1.3) lib/phusion_passenger/utils.rb:176:in `safe_fork'
  passenger (2.1.3) lib/phusion_passenger/railz/application_spawner.rb:296:in `handle_spawn_application'
  passenger (2.1.3) lib/phusion_passenger/abstract_server.rb:332:in `__send__'
  passenger (2.1.3) lib/phusion_passenger/abstract_server.rb:332:in `main_loop'
  passenger (2.1.3) lib/phusion_passenger/abstract_server.rb:182:in `start_synchronously'
  passenger (2.1.3) lib/phusion_passenger/abstract_server.rb:149:in `start'
  passenger (2.1.3) lib/phusion_passenger/railz/application_spawner.rb:192:in `start'
  passenger (2.1.3) lib/phusion_passenger/spawn_manager.rb:260:in `spawn_rails_application'
  passenger (2.1.3) lib/phusion_passenger/abstract_server_collection.rb:121:in `lookup_or_add'
  passenger (2.1.3) lib/phusion_passenger/spawn_manager.rb:254:in `spawn_rails_application'
  passenger (2.1.3) lib/phusion_passenger/abstract_server_collection.rb:75:in `synchronize'
  passenger (2.1.3) lib/phusion_passenger/abstract_server_collection.rb:74:in `synchronize'
  passenger (2.1.3) lib/phusion_passenger/spawn_manager.rb:253:in `spawn_rails_application'
  passenger (2.1.3) lib/phusion_passenger/spawn_manager.rb:148:in `spawn_application'
  passenger (2.1.3) lib/phusion_passenger/spawn_manager.rb:285:in `handle_spawn_application'
  passenger (2.1.3) lib/phusion_passenger/abstract_server.rb:332:in `__send__'
  passenger (2.1.3) lib/phusion_passenger/abstract_server.rb:332:in `main_loop'
  passenger (2.1.3) lib/phusion_passenger/abstract_server.rb:182:in `start_synchronously'

Rendered rescues/_trace (173.7ms)
Rendered rescues/_request_and_response (1.7ms)
Rendering rescues/layout (internal_server_error)
  [4;36;1mSQL (0.5ms)[0m   [0;1m SELECT name
 FROM sqlite_master
 WHERE type = 'table' AND NOT name = 'sqlite_sequence'
[0m
  [4;35;1mSQL (0.2ms)[0m   [0mSELECT version FROM schema_migrations[0m
Migrating to CreateChores (20090530213126)
Migrating to CreatePeople (20090530221829)
  [4;36;1mSQL (0.1ms)[0m   [0;1mselect sqlite_version(*)[0m
  [4;35;1mSQL (0.6ms)[0m   [0mCREATE TABLE "people" ("id" INTEGER PRIMARY KEY AUTOINCREMENT NOT NULL, "first_name" varchar(255), "last_name" varchar(255), "email" varchar(255), "created_at" datetime, "updated_at" datetime) [0m
  [4;36;1mSQL (0.1ms)[0m   [0;1mINSERT INTO schema_migrations (version) VALUES ('20090530221829')[0m
  [4;35;1mSQL (0.3ms)[0m   [0m SELECT name
 FROM sqlite_master
 WHERE type = 'table' AND NOT name = 'sqlite_sequence'
[0m
  [4;36;1mSQL (0.2ms)[0m   [0;1mSELECT version FROM schema_migrations[0m
  [4;35;1mSQL (0.2ms)[0m   [0m SELECT name
 FROM sqlite_master
 WHERE type = 'table' AND NOT name = 'sqlite_sequence'
[0m
  [4;36;1mSQL (0.0ms)[0m   [0;1mPRAGMA index_list("chores")[0m
  [4;35;1mSQL (0.0ms)[0m   [0mPRAGMA index_list("people")[0m
  [4;36;1mSQL (0.0ms)[0m   [0;1mPRAGMA index_list("peoples")[0m
  [4;36;1mSQL (0.2ms)[0m   [0;1mselect sqlite_version(*)[0m
  [4;35;1mSQL (0.5ms)[0m   [0m SELECT name
 FROM sqlite_master
 WHERE type = 'table' AND NOT name = 'sqlite_sequence'
[0m
  [4;36;1mSQL (0.2ms)[0m   [0;1mSELECT version FROM schema_migrations[0m
  [4;35;1mSQL (0.2ms)[0m   [0m SELECT name
 FROM sqlite_master
 WHERE type = 'table' AND NOT name = 'sqlite_sequence'
[0m
  [4;36;1mSQL (0.0ms)[0m   [0;1mPRAGMA index_list("chores")[0m
  [4;35;1mSQL (0.0ms)[0m   [0mPRAGMA index_list("people")[0m
  [4;36;1mSQL (0.0ms)[0m   [0;1mPRAGMA index_list("peoples")[0m
  [4;35;1mSQL (0.1ms)[0m   [0mselect sqlite_version(*)[0m
  [4;36;1mSQL (0.2ms)[0m   [0;1m SELECT name
 FROM sqlite_master
 WHERE type = 'table' AND NOT name = 'sqlite_sequence'
[0m
  [4;35;1mSQL (1.8ms)[0m   [0mCREATE TABLE "chores" ("id" INTEGER PRIMARY KEY AUTOINCREMENT NOT NULL, "name" varchar(255), "duration" integer, "description" text, "created_at" datetime, "updated_at" datetime) [0m
  [4;36;1mSQL (0.2ms)[0m   [0;1m SELECT name
 FROM sqlite_master
 WHERE type = 'table' AND NOT name = 'sqlite_sequence'
[0m
  [4;35;1mSQL (1.4ms)[0m   [0mCREATE TABLE "people" ("id" INTEGER PRIMARY KEY AUTOINCREMENT NOT NULL, "first_name" varchar(255), "last_name" varchar(255), "email" varchar(255), "created_at" datetime, "updated_at" datetime) [0m
  [4;36;1mSQL (0.2ms)[0m   [0;1m SELECT name
 FROM sqlite_master
 WHERE type = 'table' AND NOT name = 'sqlite_sequence'
[0m
  [4;35;1mSQL (1.6ms)[0m   [0mCREATE TABLE "peoples" ("id" INTEGER PRIMARY KEY AUTOINCREMENT NOT NULL, "first_name" varchar(255), "last_name" varchar(255), "email" varchar(255), "created_at" datetime, "updated_at" datetime) [0m
  [4;36;1mSQL (0.2ms)[0m   [0;1m SELECT name
 FROM sqlite_master
 WHERE type = 'table' AND NOT name = 'sqlite_sequence'
[0m
  [4;35;1mSQL (1.6ms)[0m   [0mCREATE TABLE "schema_migrations" ("version" varchar(255) NOT NULL) [0m
  [4;36;1mSQL (1.7ms)[0m   [0;1mCREATE UNIQUE INDEX "unique_schema_migrations" ON "schema_migrations" ("version")[0m
  [4;35;1mSQL (0.4ms)[0m   [0m SELECT name
 FROM sqlite_master
 WHERE type = 'table' AND NOT name = 'sqlite_sequence'
[0m
  [4;36;1mSQL (0.1ms)[0m   [0;1mSELECT version FROM "schema_migrations"[0m
  [4;35;1mSQL (1.5ms)[0m   [0mINSERT INTO "schema_migrations" (version) VALUES ('20090530221829')[0m
  [4;36;1mSQL (1.6ms)[0m   [0;1mINSERT INTO "schema_migrations" (version) VALUES ('20090530213126')[0m


Processing PeopleController#index (for 127.0.0.1 at 2009-05-30 18:18:57) [GET]
  [4;36;1mPerson Load (0.5ms)[0m   [0;1mSELECT * FROM "people" [0m
Rendering template within layouts/people
Rendering people/index
Completed in 15ms (View: 10, DB: 0) | 200 OK [http://choreminder.local/people]
  [4;36;1mSQL (0.6ms)[0m   [0;1m SELECT name
 FROM sqlite_master
 WHERE type = 'table' AND NOT name = 'sqlite_sequence'
[0m
  [4;35;1mSQL (0.2ms)[0m   [0mSELECT version FROM schema_migrations[0m
  [4;36;1mSQL (0.2ms)[0m   [0;1mselect sqlite_version(*)[0m
  [4;35;1mSQL (0.2ms)[0m   [0m SELECT name
 FROM sqlite_master
 WHERE type = 'table' AND NOT name = 'sqlite_sequence'
[0m
  [4;36;1mSQL (2.7ms)[0m   [0;1mCREATE TABLE "chores" ("id" INTEGER PRIMARY KEY AUTOINCREMENT NOT NULL, "name" varchar(255), "duration" integer, "description" text, "created_at" datetime, "updated_at" datetime) [0m
  [4;35;1mSQL (0.2ms)[0m   [0m SELECT name
 FROM sqlite_master
 WHERE type = 'table' AND NOT name = 'sqlite_sequence'
[0m
  [4;36;1mSQL (1.5ms)[0m   [0;1mCREATE TABLE "people" ("id" INTEGER PRIMARY KEY AUTOINCREMENT NOT NULL, "first_name" varchar(255), "last_name" varchar(255), "email" varchar(255), "created_at" datetime, "updated_at" datetime) [0m
  [4;35;1mSQL (0.2ms)[0m   [0m SELECT name
 FROM sqlite_master
 WHERE type = 'table' AND NOT name = 'sqlite_sequence'
[0m
  [4;36;1mSQL (1.6ms)[0m   [0;1mCREATE TABLE "peoples" ("id" INTEGER PRIMARY KEY AUTOINCREMENT NOT NULL, "first_name" varchar(255), "last_name" varchar(255), "email" varchar(255), "created_at" datetime, "updated_at" datetime) [0m
  [4;35;1mSQL (0.3ms)[0m   [0m SELECT name
 FROM sqlite_master
 WHERE type = 'table' AND NOT name = 'sqlite_sequence'
[0m
  [4;36;1mSQL (2.7ms)[0m   [0;1mCREATE TABLE "schema_migrations" ("version" varchar(255) NOT NULL) [0m
  [4;35;1mSQL (2.1ms)[0m   [0mCREATE UNIQUE INDEX "unique_schema_migrations" ON "schema_migrations" ("version")[0m
  [4;36;1mSQL (0.2ms)[0m   [0;1m SELECT name
 FROM sqlite_master
 WHERE type = 'table' AND NOT name = 'sqlite_sequence'
[0m
  [4;35;1mSQL (0.1ms)[0m   [0mSELECT version FROM "schema_migrations"[0m
  [4;36;1mSQL (1.9ms)[0m   [0;1mINSERT INTO "schema_migrations" (version) VALUES ('20090530221829')[0m
  [4;35;1mSQL (2.6ms)[0m   [0mINSERT INTO "schema_migrations" (version) VALUES ('20090530213126')[0m
  [4;36;1mSQL (0.6ms)[0m   [0;1m SELECT name
 FROM sqlite_master
 WHERE type = 'table' AND NOT name = 'sqlite_sequence'
[0m
  [4;35;1mSQL (0.2ms)[0m   [0mSELECT version FROM schema_migrations[0m
  [4;36;1mSQL (0.1ms)[0m   [0;1mselect sqlite_version(*)[0m
  [4;35;1mSQL (0.2ms)[0m   [0m SELECT name
 FROM sqlite_master
 WHERE type = 'table' AND NOT name = 'sqlite_sequence'
[0m
  [4;36;1mSQL (2.7ms)[0m   [0;1mCREATE TABLE "chores" ("id" INTEGER PRIMARY KEY AUTOINCREMENT NOT NULL, "name" varchar(255), "duration" integer, "description" text, "created_at" datetime, "updated_at" datetime) [0m
  [4;35;1mSQL (0.2ms)[0m   [0m SELECT name
 FROM sqlite_master
 WHERE type = 'table' AND NOT name = 'sqlite_sequence'
[0m
  [4;36;1mSQL (1.6ms)[0m   [0;1mCREATE TABLE "people" ("id" INTEGER PRIMARY KEY AUTOINCREMENT NOT NULL, "first_name" varchar(255), "last_name" varchar(255), "email" varchar(255), "created_at" datetime, "updated_at" datetime) [0m
  [4;35;1mSQL (0.2ms)[0m   [0m SELECT name
 FROM sqlite_master
 WHERE type = 'table' AND NOT name = 'sqlite_sequence'
[0m
  [4;36;1mSQL (3.8ms)[0m   [0;1mCREATE TABLE "peoples" ("id" INTEGER PRIMARY KEY AUTOINCREMENT NOT NULL, "first_name" varchar(255), "last_name" varchar(255), "email" varchar(255), "created_at" datetime, "updated_at" datetime) [0m
  [4;35;1mSQL (0.2ms)[0m   [0m SELECT name
 FROM sqlite_master
 WHERE type = 'table' AND NOT name = 'sqlite_sequence'
[0m
  [4;36;1mSQL (2.2ms)[0m   [0;1mCREATE TABLE "schema_migrations" ("version" varchar(255) NOT NULL) [0m
  [4;35;1mSQL (2.1ms)[0m   [0mCREATE UNIQUE INDEX "unique_schema_migrations" ON "schema_migrations" ("version")[0m
  [4;36;1mSQL (0.2ms)[0m   [0;1m SELECT name
 FROM sqlite_master
 WHERE type = 'table' AND NOT name = 'sqlite_sequence'
[0m
  [4;35;1mSQL (0.1ms)[0m   [0mSELECT version FROM "schema_migrations"[0m
  [4;36;1mSQL (2.7ms)[0m   [0;1mINSERT INTO "schema_migrations" (version) VALUES ('20090530221829')[0m
  [4;35;1mSQL (1.9ms)[0m   [0mINSERT INTO "schema_migrations" (version) VALUES ('20090530213126')[0m


Processing PeopleController#index (for 127.0.0.1 at 2009-05-30 18:25:15) [GET]
  [4;35;1mPerson Load (1.2ms)[0m   [0mSELECT * FROM "people" [0m
Rendering template within layouts/people
Rendering people/index
Completed in 116ms (View: 109, DB: 1) | 200 OK [http://choreminder.local/people]


Processing ChoresController#index (for 127.0.0.1 at 2009-05-30 18:25:20) [GET]
  [4;36;1mChore Load (0.6ms)[0m   [0;1mSELECT * FROM "chores" [0m
Rendering template within layouts/chores
Rendering chores/index
Completed in 45ms (View: 15, DB: 1) | 200 OK [http://choreminder.local/chores]


Processing ChoresController#index (for 127.0.0.1 at 2009-05-30 18:25:21) [GET]
  [4;35;1mChore Load (0.5ms)[0m   [0mSELECT * FROM "chores" [0m
Rendering template within layouts/chores
Rendering chores/index
Completed in 11ms (View: 4, DB: 1) | 200 OK [http://choreminder.local/chores]


Processing ChoresController#destroy (for 127.0.0.1 at 2009-05-30 18:25:27) [DELETE]
  Parameters: {"authenticity_token"=>"HLogfb02M1UmN7rUCcJ3QCHKlScqlAyrtONB06BlR5k=", "id"=>"1"}
  [4;36;1mChore Load (0.6ms)[0m   [0;1mSELECT * FROM "chores" WHERE ("chores"."id" = 1) [0m
  [4;35;1mChore Destroy (0.6ms)[0m   [0mDELETE FROM "chores" WHERE "id" = 1[0m
Redirected to http://choreminder.local/chores
Completed in 51ms (DB: 1) | 302 Found [http://choreminder.local/chores/1]


Processing ChoresController#index (for 127.0.0.1 at 2009-05-30 18:25:27) [GET]
  [4;36;1mChore Load (0.4ms)[0m   [0;1mSELECT * FROM "chores" [0m
Rendering template within layouts/chores
Rendering chores/index
Completed in 6ms (View: 1, DB: 0) | 200 OK [http://choreminder.local/chores]
  [4;36;1mSQL (0.7ms)[0m   [0;1m SELECT name
 FROM sqlite_master
 WHERE type = 'table' AND NOT name = 'sqlite_sequence'
[0m
  [4;35;1mSQL (0.2ms)[0m   [0mSELECT version FROM schema_migrations[0m
  [4;36;1mSQL (0.1ms)[0m   [0;1mselect sqlite_version(*)[0m
  [4;35;1mSQL (0.3ms)[0m   [0m SELECT name
 FROM sqlite_master
 WHERE type = 'table' AND NOT name = 'sqlite_sequence'
[0m
  [4;36;1mSQL (3.2ms)[0m   [0;1mCREATE TABLE "chores" ("id" INTEGER PRIMARY KEY AUTOINCREMENT NOT NULL, "name" varchar(255), "duration" integer, "description" text, "created_at" datetime, "updated_at" datetime) [0m
  [4;35;1mSQL (0.3ms)[0m   [0m SELECT name
 FROM sqlite_master
 WHERE type = 'table' AND NOT name = 'sqlite_sequence'
[0m
  [4;36;1mSQL (3.5ms)[0m   [0;1mCREATE TABLE "people" ("id" INTEGER PRIMARY KEY AUTOINCREMENT NOT NULL, "first_name" varchar(255), "last_name" varchar(255), "email" varchar(255), "created_at" datetime, "updated_at" datetime) [0m
  [4;35;1mSQL (0.3ms)[0m   [0m SELECT name
 FROM sqlite_master
 WHERE type = 'table' AND NOT name = 'sqlite_sequence'
[0m
  [4;36;1mSQL (2.5ms)[0m   [0;1mCREATE TABLE "peoples" ("id" INTEGER PRIMARY KEY AUTOINCREMENT NOT NULL, "first_name" varchar(255), "last_name" varchar(255), "email" varchar(255), "created_at" datetime, "updated_at" datetime) [0m
  [4;35;1mSQL (0.3ms)[0m   [0m SELECT name
 FROM sqlite_master
 WHERE type = 'table' AND NOT name = 'sqlite_sequence'
[0m
  [4;36;1mSQL (2.0ms)[0m   [0;1mCREATE TABLE "schema_migrations" ("version" varchar(255) NOT NULL) [0m
  [4;35;1mSQL (2.0ms)[0m   [0mCREATE UNIQUE INDEX "unique_schema_migrations" ON "schema_migrations" ("version")[0m
  [4;36;1mSQL (0.9ms)[0m   [0;1m SELECT name
 FROM sqlite_master
 WHERE type = 'table' AND NOT name = 'sqlite_sequence'
[0m
  [4;35;1mSQL (0.1ms)[0m   [0mSELECT version FROM "schema_migrations"[0m
  [4;36;1mSQL (4.6ms)[0m   [0;1mINSERT INTO "schema_migrations" (version) VALUES ('20090530221829')[0m
  [4;35;1mSQL (1.9ms)[0m   [0mINSERT INTO "schema_migrations" (version) VALUES ('20090530213126')[0m
